This is pdfTeX, Version 3.14159265-2.6-1.40.17 (MiKTeX 2.9) (preloaded format=pdflatex 2016.9.8)  8 SEP 2016 15:15
entering extended mode
**C:/Programming/Projects/Stage/documentation/ArchitectureDocument/Architecture
Doc.tex

(C:/Programming/Projects/Stage/documentation/ArchitectureDocument/ArchitectureD
oc.tex
LaTeX2e <2016/03/31> patch level 3
Babel <3.9r> and hyphenation patterns for 75 language(s) loaded.
(C:\Programming\MiscTools\MikTex\tex\latex\base\article.cls
Document Class: article 2014/09/29 v1.4h Standard LaTeX document class
(C:\Programming\MiscTools\MikTex\tex\latex\base\size10.clo
File: size10.clo 2014/09/29 v1.4h Standard LaTeX file (size option)
)
\c@part=\count79
\c@section=\count80
\c@subsection=\count81
\c@subsubsection=\count82
\c@paragraph=\count83
\c@subparagraph=\count84
\c@figure=\count85
\c@table=\count86
\abovecaptionskip=\skip41
\belowcaptionskip=\skip42
\bibindent=\dimen102
)
(C:\Programming\MiscTools\MikTex\tex\latex\graphics\graphicx.sty
Package: graphicx 2014/10/28 v1.0g Enhanced LaTeX Graphics (DPC,SPQR)

(C:\Programming\MiscTools\MikTex\tex\latex\graphics\keyval.sty
Package: keyval 2014/10/28 v1.15 key=value parser (DPC)
\KV@toks@=\toks14
)
(C:\Programming\MiscTools\MikTex\tex\latex\graphics\graphics.sty
Package: graphics 2016/07/10 v1.0t Standard LaTeX Graphics (DPC,SPQR)

(C:\Programming\MiscTools\MikTex\tex\latex\graphics\trig.sty
Package: trig 2016/01/03 v1.10 sin cos tan (DPC)
)
(C:\Programming\MiscTools\MikTex\tex\latex\00miktex\graphics.cfg
File: graphics.cfg 2016/06/04 v1.11 sample graphics configuration
)
Package graphics Info: Driver file: pdftex.def on input line 99.

(C:\Programming\MiscTools\MikTex\tex\latex\graphics-def\pdftex.def
File: pdftex.def 2016/07/10 v0.06j Graphics/color for pdfTeX

(C:\Programming\MiscTools\MikTex\tex\generic\oberdiek\infwarerr.sty
Package: infwarerr 2016/05/16 v1.4 Providing info/warning/error messages (HO)
)
(C:\Programming\MiscTools\MikTex\tex\generic\oberdiek\ltxcmds.sty
Package: ltxcmds 2016/05/16 v1.23 LaTeX kernel commands for general use (HO)
)
\Gread@gobject=\count87
))
\Gin@req@height=\dimen103
\Gin@req@width=\dimen104
)
(C:\Programming\MiscTools\MikTex\tex\latex\fancyhdr\fancyhdr.sty
\fancy@headwidth=\skip43
\f@ncyO@elh=\skip44
\f@ncyO@erh=\skip45
\f@ncyO@olh=\skip46
\f@ncyO@orh=\skip47
\f@ncyO@elf=\skip48
\f@ncyO@erf=\skip49
\f@ncyO@olf=\skip50
\f@ncyO@orf=\skip51
)
(C:\Programming\MiscTools\MikTex\tex\latex\ltxmisc\parskip.sty
Package: parskip 2001/04/09 non-zero parskip adjustments
)
(ArchitectureDoc.aux)
\openout1 = `ArchitectureDoc.aux'.

LaTeX Font Info:    Checking defaults for OML/cmm/m/it on input line 15.
LaTeX Font Info:    ... okay on input line 15.
LaTeX Font Info:    Checking defaults for T1/cmr/m/n on input line 15.
LaTeX Font Info:    ... okay on input line 15.
LaTeX Font Info:    Checking defaults for OT1/cmr/m/n on input line 15.
LaTeX Font Info:    ... okay on input line 15.
LaTeX Font Info:    Checking defaults for OMS/cmsy/m/n on input line 15.
LaTeX Font Info:    ... okay on input line 15.
LaTeX Font Info:    Checking defaults for OMX/cmex/m/n on input line 15.
LaTeX Font Info:    ... okay on input line 15.
LaTeX Font Info:    Checking defaults for U/cmr/m/n on input line 15.
LaTeX Font Info:    ... okay on input line 15.

(C:\Programming\MiscTools\MikTex\tex\context\base\supp-pdf.mkii
[Loading MPS to PDF converter (version 2006.09.02).]
\scratchcounter=\count88
\scratchdimen=\dimen105
\scratchbox=\box26
\nofMPsegments=\count89
\nofMParguments=\count90
\everyMPshowfont=\toks15
\MPscratchCnt=\count91
\MPscratchDim=\dimen106
\MPnumerator=\count92
\makeMPintoPDFobject=\count93
\everyMPtoPDFconversion=\toks16
) (C:\Programming\MiscTools\MikTex\tex\generic\oberdiek\pdftexcmds.sty
Package: pdftexcmds 2016/05/21 v0.22 Utility functions of pdfTeX for LuaTeX (HO
)

(C:\Programming\MiscTools\MikTex\tex\generic\oberdiek\ifluatex.sty
Package: ifluatex 2016/05/16 v1.4 Provides the ifluatex switch (HO)
Package ifluatex Info: LuaTeX not detected.
)
(C:\Programming\MiscTools\MikTex\tex\generic\oberdiek\ifpdf.sty
Package: ifpdf 2016/05/14 v3.1 Provides the ifpdf switch
)
Package pdftexcmds Info: LuaTeX not detected.
Package pdftexcmds Info: \pdf@primitive is available.
Package pdftexcmds Info: \pdf@ifprimitive is available.
Package pdftexcmds Info: \pdfdraftmode found.
)
(C:\Programming\MiscTools\MikTex\tex\latex\oberdiek\epstopdf-base.sty
Package: epstopdf-base 2016/05/15 v2.6 Base part for package epstopdf

(C:\Programming\MiscTools\MikTex\tex\latex\oberdiek\grfext.sty
Package: grfext 2016/05/16 v1.2 Manage graphics extensions (HO)

(C:\Programming\MiscTools\MikTex\tex\generic\oberdiek\kvdefinekeys.sty
Package: kvdefinekeys 2016/05/16 v1.4 Define keys (HO)
))
(C:\Programming\MiscTools\MikTex\tex\latex\oberdiek\kvoptions.sty
Package: kvoptions 2016/05/16 v3.12 Key value format for package options (HO)

(C:\Programming\MiscTools\MikTex\tex\generic\oberdiek\kvsetkeys.sty
Package: kvsetkeys 2016/05/16 v1.17 Key value parser (HO)

(C:\Programming\MiscTools\MikTex\tex\generic\oberdiek\etexcmds.sty
Package: etexcmds 2016/05/16 v1.6 Avoid name clashes with e-TeX commands (HO)
Package etexcmds Info: Could not find \expanded.
(etexcmds)             That can mean that you are not using pdfTeX 1.50 or
(etexcmds)             that some package has redefined \expanded.
(etexcmds)             In the latter case, load this package earlier.
)))
Package epstopdf-base Info: Redefining graphics rule for `.eps' on input line 4
38.
Package grfext Info: Graphics extension search list:
(grfext)             [.png,.pdf,.jpg,.mps,.jpeg,.jbig2,.jb2,.PNG,.PDF,.JPG,.JPE
G,.JBIG2,.JB2,.eps]
(grfext)             \AppendGraphicsExtensions on input line 456.
)
LaTeX Font Info:    External font `cmex10' loaded for size
(Font)              <12> on input line 17.
LaTeX Font Info:    External font `cmex10' loaded for size
(Font)              <8> on input line 17.
LaTeX Font Info:    External font `cmex10' loaded for size
(Font)              <6> on input line 17.
 [1

{C:/Users/Robert/AppData/Local/MiKTeX/2.9/pdftex/config/pdftex.map}]
(ArchitectureDoc.toc
LaTeX Font Info:    External font `cmex10' loaded for size
(Font)              <7> on input line 4.
LaTeX Font Info:    External font `cmex10' loaded for size
(Font)              <5> on input line 4.
)
\tf@toc=\write3
\openout3 = `ArchitectureDoc.toc'.

 [1] [2] <ER.png, id=17, 941.01563pt x 334.24875pt>
File: ER.png Graphic file (type png)

<use ER.png>
Package pdftex.def Info: ER.png used on input line 35.
(pdftex.def)             Requested size: 482.9979pt x 171.56114pt.

Overfull \hbox (137.9979pt too wide) in paragraph at lines 35--36
[][] 
 []

[3 <./ER.png>] [4] [5]
LaTeX Font Info:    Try loading font information for OMS+cmr on input line 79.

(C:\Programming\MiscTools\MikTex\tex\latex\base\omscmr.fd
File: omscmr.fd 2014/09/29 v2.5h Standard LaTeX font definitions
)
LaTeX Font Info:    Font shape `OMS/cmr/m/n' in size <10> not available
(Font)              Font shape `OMS/cmsy/m/n' tried instead on input line 79.

Underfull \hbox (badness 10000) in paragraph at lines 96--96
[]\OT1/cmr/m/n/10 Thoroughness vs.
 []


Underfull \hbox (badness 5622) in paragraph at lines 97--98
[]\OT1/cmr/m/n/10 Emotional Sta-bil-ity vs.
 []

[6] (ArchitectureDoc.aux) ) 
Here is how much of TeX's memory you used:
 1655 strings out of 493334
 23411 string characters out of 3137554
 84281 words of memory out of 3000000
 5181 multiletter control sequences out of 15000+200000
 8248 words of font info for 29 fonts, out of 3000000 for 9000
 1141 hyphenation exceptions out of 8191
 40i,10n,43p,788b,227s stack positions out of 5000i,500n,10000p,200000b,50000s
<C:/Programming/MiscTools/MikTex/fonts/type1/public/
amsfonts/cm/cmbx10.pfb><C:/Programming/MiscTools/MikTex/fonts/type1/public/amsf
onts/cm/cmbx12.pfb><C:/Programming/MiscTools/MikTex/fonts/type1/public/amsfonts
/cm/cmr10.pfb><C:/Programming/MiscTools/MikTex/fonts/type1/public/amsfonts/cm/c
mr12.pfb><C:/Programming/MiscTools/MikTex/fonts/type1/public/amsfonts/cm/cmr17.
pfb><C:/Programming/MiscTools/MikTex/fonts/type1/public/amsfonts/cm/cmr6.pfb><C
:/Programming/MiscTools/MikTex/fonts/type1/public/amsfonts/cm/cmr7.pfb><C:/Prog
ramming/MiscTools/MikTex/fonts/type1/public/amsfonts/cm/cmr8.pfb><C:/Programmin
g/MiscTools/MikTex/fonts/type1/public/amsfonts/cm/cmsl10.pfb><C:/Programming/Mi
scTools/MikTex/fonts/type1/public/amsfonts/cm/cmsy10.pfb>
Output written on ArchitectureDoc.pdf (7 pages, 163400 bytes).
PDF statistics:
 69 PDF objects out of 1000 (max. 8388607)
 0 named destinations out of 1000 (max. 500000)
 6 words of extra memory for PDF output out of 10000 (max. 10000000)

